<?xml version="1.0" encoding="UTF-8"?>
<testng-results ignored="0" total="1" passed="1" failed="0" skipped="0">
  <reporter-output>
  </reporter-output>
  <suite started-at="2025-10-06T18:16:06 WIB" name="Mobile eCommerce Suite Test" finished-at="2025-10-06T18:16:23 WIB" duration-ms="16541">
    <groups>
    </groups>
    <test started-at="2025-10-06T18:16:06 WIB" name="Catalog Test" finished-at="2025-10-06T18:16:23 WIB" duration-ms="16541">
      <class name="com.juaracoding.labs.catalogs.CatalogTest">
        <test-method signature="addToCartTest()[pri:0, instance:com.juaracoding.labs.catalogs.CatalogTest@ef9296d]" started-at="2025-10-06T18:16:06 WIB" name="addToCartTest" finished-at="2025-10-06T18:16:23 WIB" duration-ms="16485" status="PASS">
          <reporter-output>
          </reporter-output>
        </test-method> <!-- addToCartTest -->
      </class> <!-- com.juaracoding.labs.catalogs.CatalogTest -->
    </test> <!-- Catalog Test -->
  </suite> <!-- Mobile eCommerce Suite Test -->
</testng-results>
